<?xml version="1.0" encoding="UTF-8"?>
<TestRun id="ae2283ba-a735-41a0-98fc-cb62e7cd5a8e" name="Jason.Pollack@JPOLLACK-LT-LA 2013-08-27 23:41:33" runUser="247WPP\Jason.Pollack" xmlns="http://microsoft.com/schemas/VisualStudio/TeamTest/2006">
  <TestRunConfiguration name="Local Test Run" id="4be742e0-cd6b-4dda-8d6b-6624623c189f">
    <Description>This is a default test run configuration for a local test run.</Description>
    <Deployment runDeploymentRoot="C:\Users\Jason.Pollack\Documents\Visual Studio 2008\Projects\NumberDecorator\TestResults\Jason.Pollack_JPOLLACK-LT-LA 2013-08-27 23_41_33" />
    <TestTypeSpecific />
  </TestRunConfiguration>
  <ResultSummary outcome="Completed">
    <Counters total="1" executed="1" passed="1" error="0" failed="0" timeout="0" aborted="0" inconclusive="0" passedButRunAborted="0" notRunnable="0" notExecuted="0" disconnected="0" warning="0" completed="0" inProgress="0" pending="0" />
  </ResultSummary>
  <Times creation="2013-08-27T23:41:33.3018989-07:00" queuing="2013-08-27T23:41:34.6903014-07:00" start="2013-08-27T23:41:34.9243018-07:00" finish="2013-08-27T23:41:35.4859028-07:00" />
  <TestDefinitions>
    <UnitTest name="TestMethod1" storage="c:\users\jason.pollack\documents\visual studio 2008\projects\numberdecorator\numberdecoratortester\bin\debug\numberdecoratortester.dll" id="65a14602-e86a-3f08-25dc-eb8480ea7bc9">
      <Css projectStructure="" iteration="" />
      <Owners>
        <Owner name="" />
      </Owners>
      <Execution id="6107f312-c79c-4810-bf0e-9d444bdf09bc" />
      <TestMethod codeBase="C:\Users\Jason.Pollack\Documents\Visual Studio 2008\Projects\NumberDecorator\NumberDecoratorTester\bin\Debug\NumberDecoratorTester.dll" adapterTypeName="Microsoft.VisualStudio.TestTools.TestTypes.Unit.UnitTestAdapter, Microsoft.VisualStudio.QualityTools.Tips.UnitTest.Adapter, Version=9.0.0.0, Culture=neutral, PublicKeyToken=b03f5f7f11d50a3a" className="NumberDecoratorTester.NumberDecoratorLibTester, NumberDecoratorTester" name="TestMethod1" />
    </UnitTest>
  </TestDefinitions>
  <TestLists>
    <TestList name="Results Not in a List" id="8c84fa94-04c1-424b-9868-57a2d4851a1d" />
    <TestList name="All Loaded Results" id="19431567-8539-422a-85d7-44ee4e166bda" />
  </TestLists>
  <TestEntries>
    <TestEntry testId="65a14602-e86a-3f08-25dc-eb8480ea7bc9" executionId="6107f312-c79c-4810-bf0e-9d444bdf09bc" testListId="8c84fa94-04c1-424b-9868-57a2d4851a1d" />
  </TestEntries>
  <Results>
    <UnitTestResult executionId="6107f312-c79c-4810-bf0e-9d444bdf09bc" testId="65a14602-e86a-3f08-25dc-eb8480ea7bc9" testName="TestMethod1" computerName="JPOLLACK-LT-LA" duration="00:00:00.0150676" startTime="2013-08-27T23:41:34.9867019-07:00" endTime="2013-08-27T23:41:35.4235027-07:00" testType="13cdc9d9-ddb5-4fa4-a97d-d965ccfc6d4b" outcome="Passed" testListId="8c84fa94-04c1-424b-9868-57a2d4851a1d">
      <Output>
      </Output>
    </UnitTestResult>
  </Results>
</TestRun>